<?xml version="1.0" encoding="UTF-8"?>
<!-- Generated by org.testng.reporters.JUnitReportReporter -->
<testsuite hostname="DESKTOP-N2LH6CI" failures="0" tests="1" name="testcases.IFramePageTest" time="42.150" errors="0" timestamp="2022-07-11T00:08:56 AEST" skipped="0">
  <testcase classname="testcases.IFramePageTest" name="validatingIframePage" time="42.150"/>
  <system-out/>
</testsuite> <!-- testcases.IFramePageTest -->
